This file contains any messages produced by compilers while
running configure, to aid debugging if configure makes a mistake.

It was created by libusb-1.0 configure 1.0.26, which was
generated by GNU Autoconf 2.69.  Invocation command line was

  $ ./configure CC=/usr/bin/arm-linux-gnueabihf-gcc --host=arm-linux-gnueabihf --prefix=/usr/lib/arm-linux-gnueabihf/libusb

## --------- ##
## Platform. ##
## --------- ##

hostname = 433-debian
uname -m = x86_64
uname -r = 5.10.0-20-amd64
uname -s = Linux
uname -v = #1 SMP Debian 5.10.158-2 (2022-12-13)

/usr/bin/uname -p = unknown
/bin/uname -X     = unknown

/bin/arch              = x86_64
/usr/bin/arch -k       = unknown
/usr/convex/getsysinfo = unknown
/usr/bin/hostinfo      = unknown
/bin/machine           = unknown
/usr/bin/oslevel       = unknown
/bin/universe          = unknown

PATH: /usr/local/bin
PATH: /usr/bin
PATH: /bin
PATH: /usr/local/games
PATH: /usr/games
PATH: /snap/bin


## ----------- ##
## Core tests. ##
## ----------- ##

configure:2558: checking for arm-linux-gnueabihf-gcc
configure:2585: result: /usr/bin/arm-linux-gnueabihf-gcc
configure:2854: checking for C compiler version
configure:2863: /usr/bin/arm-linux-gnueabihf-gcc --version >&5
arm-linux-gnueabihf-gcc (Debian 10.2.1-6) 10.2.1 20210110
Copyright (C) 2020 Free Software Foundation, Inc.
This is free software; see the source for copying conditions.  There is NO
warranty; not even for MERCHANTABILITY or FITNESS FOR A PARTICULAR PURPOSE.

configure:2874: $? = 0
configure:2863: /usr/bin/arm-linux-gnueabihf-gcc -v >&5
Using built-in specs.
COLLECT_GCC=/usr/bin/arm-linux-gnueabihf-gcc
COLLECT_LTO_WRAPPER=/usr/lib/gcc-cross/arm-linux-gnueabihf/10/lto-wrapper
Target: arm-linux-gnueabihf
Configured with: ../src/configure -v --with-pkgversion='Debian 10.2.1-6' --with-bugurl=file:///usr/share/doc/gcc-10/README.Bugs --enable-languages=c,ada,c++,go,d,fortran,objc,obj-c++,m2 --prefix=/usr --with-gcc-major-version-only --program-suffix=-10 --enable-shared --enable-linker-build-id --libexecdir=/usr/lib --without-included-gettext --enable-threads=posix --libdir=/usr/lib --enable-nls --with-sysroot=/ --enable-clocale=gnu --enable-libstdcxx-debug --enable-libstdcxx-time=yes --with-default-libstdcxx-abi=new --enable-gnu-unique-object --disable-libitm --disable-libquadmath --disable-libquadmath-support --enable-plugin --enable-default-pie --with-system-zlib --enable-libphobos-checking=release --without-target-system-zlib --enable-multiarch --disable-sjlj-exceptions --with-arch=armv7-a --with-fpu=vfpv3-d16 --with-float=hard --with-mode=thumb --disable-werror --enable-checking=release --build=x86_64-linux-gnu --host=x86_64-linux-gnu --target=arm-linux-gnueabihf --program-prefix=arm-linux-gnueabihf- --includedir=/usr/arm-linux-gnueabihf/include --with-build-config=bootstrap-lto-lean --enable-link-mutex
Thread model: posix
Supported LTO compression algorithms: zlib
gcc version 10.2.1 20210110 (Debian 10.2.1-6) 
configure:2874: $? = 0
configure:2863: /usr/bin/arm-linux-gnueabihf-gcc -V >&5
arm-linux-gnueabihf-gcc: error: unrecognized command-line option '-V'
arm-linux-gnueabihf-gcc: fatal error: no input files
compilation terminated.
configure:2874: $? = 1
configure:2863: /usr/bin/arm-linux-gnueabihf-gcc -qversion >&5
arm-linux-gnueabihf-gcc: error: unrecognized command-line option '-qversion'; did you mean '--version'?
arm-linux-gnueabihf-gcc: fatal error: no input files
compilation terminated.
configure:2874: $? = 1
configure:2894: checking whether the C compiler works
configure:2916: /usr/bin/arm-linux-gnueabihf-gcc    conftest.c  >&5
configure:2920: $? = 0
configure:2968: result: yes
configure:2971: checking for C compiler default output file name
configure:2973: result: a.out
configure:2979: checking for suffix of executables
configure:2986: /usr/bin/arm-linux-gnueabihf-gcc -o conftest    conftest.c  >&5
configure:2990: $? = 0
configure:3012: result: 
configure:3034: checking whether we are cross compiling
configure:3042: /usr/bin/arm-linux-gnueabihf-gcc -o conftest    conftest.c  >&5
configure:3046: $? = 0
configure:3053: ./conftest
./configure: line 3055: ./conftest: cannot execute binary file: Exec format error
configure:3057: $? = 126
configure:3072: result: yes
configure:3077: checking for suffix of object files
configure:3099: /usr/bin/arm-linux-gnueabihf-gcc -c   conftest.c >&5
configure:3103: $? = 0
configure:3124: result: o
configure:3128: checking whether we are using the GNU C compiler
configure:3147: /usr/bin/arm-linux-gnueabihf-gcc -c   conftest.c >&5
configure:3147: $? = 0
configure:3156: result: yes
configure:3165: checking whether /usr/bin/arm-linux-gnueabihf-gcc accepts -g
configure:3185: /usr/bin/arm-linux-gnueabihf-gcc -c -g  conftest.c >&5
configure:3185: $? = 0
configure:3226: result: yes
configure:3243: checking for /usr/bin/arm-linux-gnueabihf-gcc option to accept ISO C89
configure:3306: /usr/bin/arm-linux-gnueabihf-gcc  -c -g -O2  conftest.c >&5
configure:3306: $? = 0
configure:3319: result: none needed
configure:3376: checking whether /usr/bin/arm-linux-gnueabihf-gcc understands -c and -o together
configure:3398: /usr/bin/arm-linux-gnueabihf-gcc -c conftest.c -o conftest2.o
configure:3401: $? = 0
configure:3398: /usr/bin/arm-linux-gnueabihf-gcc -c conftest.c -o conftest2.o
configure:3401: $? = 0
configure:3413: result: yes
configure:3444: checking for arm-linux-gnueabihf-g++
configure:3474: result: no
configure:3444: checking for arm-linux-gnueabihf-c++
configure:3474: result: no
configure:3444: checking for arm-linux-gnueabihf-gpp
configure:3474: result: no
configure:3444: checking for arm-linux-gnueabihf-aCC
configure:3474: result: no
configure:3444: checking for arm-linux-gnueabihf-CC
configure:3474: result: no
configure:3444: checking for arm-linux-gnueabihf-cxx
configure:3474: result: no
configure:3444: checking for arm-linux-gnueabihf-cc++
configure:3474: result: no
configure:3444: checking for arm-linux-gnueabihf-cl.exe
configure:3474: result: no
configure:3444: checking for arm-linux-gnueabihf-FCC
configure:3474: result: no
configure:3444: checking for arm-linux-gnueabihf-KCC
configure:3474: result: no
configure:3444: checking for arm-linux-gnueabihf-RCC
configure:3474: result: no
configure:3444: checking for arm-linux-gnueabihf-xlC_r
configure:3474: result: no
configure:3444: checking for arm-linux-gnueabihf-xlC
configure:3474: result: no
configure:3488: checking for g++
configure:3518: result: no
configure:3488: checking for c++
configure:3518: result: no
configure:3488: checking for gpp
configure:3518: result: no
configure:3488: checking for aCC
configure:3518: result: no
configure:3488: checking for CC
configure:3518: result: no
configure:3488: checking for cxx
configure:3518: result: no
configure:3488: checking for cc++
configure:3518: result: no
configure:3488: checking for cl.exe
configure:3518: result: no
configure:3488: checking for FCC
configure:3518: result: no
configure:3488: checking for KCC
configure:3518: result: no
configure:3488: checking for RCC
configure:3518: result: no
configure:3488: checking for xlC_r
configure:3518: result: no
configure:3488: checking for xlC
configure:3518: result: no
configure:3542: checking for C++ compiler version
configure:3551: g++ --version >&5
./configure: line 3553: g++: command not found
configure:3562: $? = 127
configure:3551: g++ -v >&5
./configure: line 3553: g++: command not found
configure:3562: $? = 127
configure:3551: g++ -V >&5
./configure: line 3553: g++: command not found
configure:3562: $? = 127
configure:3551: g++ -qversion >&5
./configure: line 3553: g++: command not found
configure:3562: $? = 127
configure:3566: checking whether we are using the GNU C++ compiler
configure:3585: g++ -c   conftest.cpp >&5
./configure: line 1674: g++: command not found
configure:3585: $? = 127
configure: failed program was:
| /* confdefs.h */
| #define PACKAGE_NAME "libusb-1.0"
| #define PACKAGE_TARNAME "libusb-1.0"
| #define PACKAGE_VERSION "1.0.26"
| #define PACKAGE_STRING "libusb-1.0 1.0.26"
| #define PACKAGE_BUGREPORT "libusb-devel@lists.sourceforge.net"
| #define PACKAGE_URL "http://libusb.info"
| /* end confdefs.h.  */
| 
| int
| main ()
| {
| #ifndef __GNUC__
|        choke me
| #endif
| 
|   ;
|   return 0;
| }
configure:3594: result: no
configure:3603: checking whether g++ accepts -g
configure:3623: g++ -c -g  conftest.cpp >&5
./configure: line 1674: g++: command not found
configure:3623: $? = 127
configure: failed program was:
| /* confdefs.h */
| #define PACKAGE_NAME "libusb-1.0"
| #define PACKAGE_TARNAME "libusb-1.0"
| #define PACKAGE_VERSION "1.0.26"
| #define PACKAGE_STRING "libusb-1.0 1.0.26"
| #define PACKAGE_BUGREPORT "libusb-devel@lists.sourceforge.net"
| #define PACKAGE_URL "http://libusb.info"
| /* end confdefs.h.  */
| 
| int
| main ()
| {
| 
|   ;
|   return 0;
| }
configure:3638: g++ -c   conftest.cpp >&5
./configure: line 1674: g++: command not found
configure:3638: $? = 127
configure: failed program was:
| /* confdefs.h */
| #define PACKAGE_NAME "libusb-1.0"
| #define PACKAGE_TARNAME "libusb-1.0"
| #define PACKAGE_VERSION "1.0.26"
| #define PACKAGE_STRING "libusb-1.0 1.0.26"
| #define PACKAGE_BUGREPORT "libusb-devel@lists.sourceforge.net"
| #define PACKAGE_URL "http://libusb.info"
| /* end confdefs.h.  */
| 
| int
| main ()
| {
| 
|   ;
|   return 0;
| }
configure:3654: g++ -c -g  conftest.cpp >&5
./configure: line 1674: g++: command not found
configure:3654: $? = 127
configure: failed program was:
| /* confdefs.h */
| #define PACKAGE_NAME "libusb-1.0"
| #define PACKAGE_TARNAME "libusb-1.0"
| #define PACKAGE_VERSION "1.0.26"
| #define PACKAGE_STRING "libusb-1.0 1.0.26"
| #define PACKAGE_BUGREPORT "libusb-devel@lists.sourceforge.net"
| #define PACKAGE_URL "http://libusb.info"
| /* end confdefs.h.  */
| 
| int
| main ()
| {
| 
|   ;
|   return 0;
| }
configure:3664: result: no
configure:3688: checking for inline
configure:3704: /usr/bin/arm-linux-gnueabihf-gcc -c -g -O2  conftest.c >&5
configure:3704: $? = 0
configure:3712: result: inline
configure:3746: checking for a BSD-compatible install
configure:3814: result: /usr/bin/install -c
configure:3825: checking whether build environment is sane
configure:3880: result: yes
configure:3936: checking for arm-linux-gnueabihf-strip
configure:3952: found /usr/bin/arm-linux-gnueabihf-strip
configure:3963: result: arm-linux-gnueabihf-strip
configure:4028: checking for a thread-safe mkdir -p
configure:4067: result: /usr/bin/mkdir -p
configure:4074: checking for gawk
configure:4104: result: no
configure:4074: checking for mawk
configure:4090: found /usr/bin/mawk
configure:4101: result: mawk
configure:4112: checking whether make sets $(MAKE)
configure:4134: result: yes
configure:4156: checking whether make supports the include directive
configure:4171: make -f confmf.GNU && cat confinc.out
this is the am__doit target
configure:4174: $? = 0
configure:4193: result: yes (GNU style)
configure:4226: checking whether make supports nested variables
configure:4243: result: yes
configure:4328: checking dependency style of /usr/bin/arm-linux-gnueabihf-gcc
configure:4439: result: gcc3
configure:4456: checking dependency style of g++
configure:4567: result: none
configure:4654: checking build system type
configure:4668: result: x86_64-pc-linux-gnu
configure:4688: checking host system type
configure:4701: result: arm-unknown-linux-gnueabihf
configure:4742: checking how to print strings
configure:4769: result: printf
configure:4790: checking for a sed that does not truncate output
configure:4854: result: /usr/bin/sed
configure:4872: checking for grep that handles long lines and -e
configure:4930: result: /usr/bin/grep
configure:4935: checking for egrep
configure:4997: result: /usr/bin/grep -E
configure:5002: checking for fgrep
configure:5064: result: /usr/bin/grep -F
configure:5099: checking for ld used by /usr/bin/arm-linux-gnueabihf-gcc
configure:5166: result: /usr/arm-linux-gnueabihf/bin/ld
configure:5173: checking if the linker (/usr/arm-linux-gnueabihf/bin/ld) is GNU ld
configure:5188: result: yes
configure:5200: checking for BSD- or MS-compatible name lister (nm)
configure:5254: result: /usr/bin/arm-linux-gnueabihf-nm -B
configure:5384: checking the name lister (/usr/bin/arm-linux-gnueabihf-nm -B) interface
configure:5391: /usr/bin/arm-linux-gnueabihf-gcc -c -g -O2  conftest.c >&5
configure:5394: /usr/bin/arm-linux-gnueabihf-nm -B "conftest.o"
configure:5397: output
00000000 B some_variable
configure:5404: result: BSD nm
configure:5407: checking whether ln -s works
configure:5411: result: yes
configure:5419: checking the maximum length of command line arguments
configure:5550: result: 1572864
configure:5598: checking how to convert x86_64-pc-linux-gnu file names to arm-unknown-linux-gnueabihf format
configure:5638: result: func_convert_file_noop
configure:5645: checking how to convert x86_64-pc-linux-gnu file names to toolchain format
configure:5665: result: func_convert_file_noop
configure:5672: checking for /usr/arm-linux-gnueabihf/bin/ld option to reload object files
configure:5679: result: -r
configure:5713: checking for arm-linux-gnueabihf-objdump
configure:5729: found /usr/bin/arm-linux-gnueabihf-objdump
configure:5740: result: arm-linux-gnueabihf-objdump
configure:5812: checking how to recognize dependent libraries
configure:6012: result: pass_all
configure:6057: checking for arm-linux-gnueabihf-dlltool
configure:6087: result: no
configure:6097: checking for dlltool
configure:6127: result: no
configure:6157: checking how to associate runtime and link libraries
configure:6184: result: printf %s\n
configure:6200: checking for arm-linux-gnueabihf-ar
configure:6216: found /usr/bin/arm-linux-gnueabihf-ar
configure:6227: result: arm-linux-gnueabihf-ar
configure:6308: checking for archiver @FILE support
configure:6325: /usr/bin/arm-linux-gnueabihf-gcc -c -g -O2  conftest.c >&5
configure:6325: $? = 0
configure:6328: arm-linux-gnueabihf-ar cr libconftest.a @conftest.lst >&5
configure:6331: $? = 0
configure:6336: arm-linux-gnueabihf-ar cr libconftest.a @conftest.lst >&5
arm-linux-gnueabihf-ar: conftest.o: No such file or directory
configure:6339: $? = 1
configure:6351: result: @
configure:6369: checking for arm-linux-gnueabihf-strip
configure:6396: result: arm-linux-gnueabihf-strip
configure:6468: checking for arm-linux-gnueabihf-ranlib
configure:6484: found /usr/bin/arm-linux-gnueabihf-ranlib
configure:6495: result: arm-linux-gnueabihf-ranlib
configure:6637: checking command to parse /usr/bin/arm-linux-gnueabihf-nm -B output from /usr/bin/arm-linux-gnueabihf-gcc object
configure:6790: /usr/bin/arm-linux-gnueabihf-gcc -c -g -O2  conftest.c >&5
configure:6793: $? = 0
configure:6797: /usr/bin/arm-linux-gnueabihf-nm -B conftest.o | sed -n -e 's/^.*[	 ]\([ABCDGIRSTW][ABCDGIRSTW]*\)[	 ][	 ]*\([_A-Za-z][_A-Za-z0-9]*\)$/\1 \2 \2/p' | sed '/ __gnu_lto/d' > conftest.nm
configure:6863: /usr/bin/arm-linux-gnueabihf-gcc -o conftest -g -O2   conftest.c conftstm.o >&5
configure:6866: $? = 0
configure:6904: result: ok
configure:6951: checking for sysroot
configure:6981: result: no
configure:6988: checking for a working dd
configure:7026: result: /usr/bin/dd
configure:7030: checking how to truncate binary pipes
configure:7045: result: /usr/bin/dd bs=4096 count=1
configure:7334: checking for arm-linux-gnueabihf-mt
configure:7364: result: no
configure:7374: checking for mt
configure:7390: found /usr/bin/mt
configure:7401: result: mt
configure:7413: WARNING: using cross tools not prefixed with host triplet
configure:7424: checking if mt is a manifest tool
configure:7430: mt '-?'
configure:7438: result: no
configure:8115: checking how to run the C preprocessor
configure:8146: /usr/bin/arm-linux-gnueabihf-gcc -E  conftest.c
configure:8146: $? = 0
configure:8160: /usr/bin/arm-linux-gnueabihf-gcc -E  conftest.c
conftest.c:11:10: fatal error: ac_nonexistent.h: No such file or directory
   11 | #include <ac_nonexistent.h>
      |          ^~~~~~~~~~~~~~~~~~
compilation terminated.
configure:8160: $? = 1
configure: failed program was:
| /* confdefs.h */
| #define PACKAGE_NAME "libusb-1.0"
| #define PACKAGE_TARNAME "libusb-1.0"
| #define PACKAGE_VERSION "1.0.26"
| #define PACKAGE_STRING "libusb-1.0 1.0.26"
| #define PACKAGE_BUGREPORT "libusb-devel@lists.sourceforge.net"
| #define PACKAGE_URL "http://libusb.info"
| #define PACKAGE "libusb-1.0"
| #define VERSION "1.0.26"
| /* end confdefs.h.  */
| #include <ac_nonexistent.h>
configure:8185: result: /usr/bin/arm-linux-gnueabihf-gcc -E
configure:8205: /usr/bin/arm-linux-gnueabihf-gcc -E  conftest.c
configure:8205: $? = 0
configure:8219: /usr/bin/arm-linux-gnueabihf-gcc -E  conftest.c
conftest.c:11:10: fatal error: ac_nonexistent.h: No such file or directory
   11 | #include <ac_nonexistent.h>
      |          ^~~~~~~~~~~~~~~~~~
compilation terminated.
configure:8219: $? = 1
configure: failed program was:
| /* confdefs.h */
| #define PACKAGE_NAME "libusb-1.0"
| #define PACKAGE_TARNAME "libusb-1.0"
| #define PACKAGE_VERSION "1.0.26"
| #define PACKAGE_STRING "libusb-1.0 1.0.26"
| #define PACKAGE_BUGREPORT "libusb-devel@lists.sourceforge.net"
| #define PACKAGE_URL "http://libusb.info"
| #define PACKAGE "libusb-1.0"
| #define VERSION "1.0.26"
| /* end confdefs.h.  */
| #include <ac_nonexistent.h>
configure:8248: checking for ANSI C header files
configure:8268: /usr/bin/arm-linux-gnueabihf-gcc -c -g -O2  conftest.c >&5
configure:8268: $? = 0
configure:8352: result: yes
configure:8365: checking for sys/types.h
configure:8365: /usr/bin/arm-linux-gnueabihf-gcc -c -g -O2  conftest.c >&5
configure:8365: $? = 0
configure:8365: result: yes
configure:8365: checking for sys/stat.h
configure:8365: /usr/bin/arm-linux-gnueabihf-gcc -c -g -O2  conftest.c >&5
configure:8365: $? = 0
configure:8365: result: yes
configure:8365: checking for stdlib.h
configure:8365: /usr/bin/arm-linux-gnueabihf-gcc -c -g -O2  conftest.c >&5
configure:8365: $? = 0
configure:8365: result: yes
configure:8365: checking for string.h
configure:8365: /usr/bin/arm-linux-gnueabihf-gcc -c -g -O2  conftest.c >&5
configure:8365: $? = 0
configure:8365: result: yes
configure:8365: checking for memory.h
configure:8365: /usr/bin/arm-linux-gnueabihf-gcc -c -g -O2  conftest.c >&5
configure:8365: $? = 0
configure:8365: result: yes
configure:8365: checking for strings.h
configure:8365: /usr/bin/arm-linux-gnueabihf-gcc -c -g -O2  conftest.c >&5
configure:8365: $? = 0
configure:8365: result: yes
configure:8365: checking for inttypes.h
configure:8365: /usr/bin/arm-linux-gnueabihf-gcc -c -g -O2  conftest.c >&5
configure:8365: $? = 0
configure:8365: result: yes
configure:8365: checking for stdint.h
configure:8365: /usr/bin/arm-linux-gnueabihf-gcc -c -g -O2  conftest.c >&5
configure:8365: $? = 0
configure:8365: result: yes
configure:8365: checking for unistd.h
configure:8365: /usr/bin/arm-linux-gnueabihf-gcc -c -g -O2  conftest.c >&5
configure:8365: $? = 0
configure:8365: result: yes
configure:8379: checking for dlfcn.h
configure:8379: /usr/bin/arm-linux-gnueabihf-gcc -c -g -O2  conftest.c >&5
configure:8379: $? = 0
configure:8379: result: yes
configure:8646: checking for objdir
configure:8661: result: .libs
configure:8925: checking if /usr/bin/arm-linux-gnueabihf-gcc supports -fno-rtti -fno-exceptions
configure:8943: /usr/bin/arm-linux-gnueabihf-gcc -c -g -O2  -fno-rtti -fno-exceptions conftest.c >&5
cc1: warning: command-line option '-fno-rtti' is valid for C++/D/ObjC++ but not for C
configure:8947: $? = 0
configure:8960: result: no
configure:9324: checking for /usr/bin/arm-linux-gnueabihf-gcc option to produce PIC
configure:9331: result: -fPIC -DPIC
configure:9339: checking if /usr/bin/arm-linux-gnueabihf-gcc PIC flag -fPIC -DPIC works
configure:9357: /usr/bin/arm-linux-gnueabihf-gcc -c -g -O2  -fPIC -DPIC -DPIC conftest.c >&5
configure:9361: $? = 0
configure:9374: result: yes
configure:9403: checking if /usr/bin/arm-linux-gnueabihf-gcc static flag -static works
configure:9431: result: yes
configure:9446: checking if /usr/bin/arm-linux-gnueabihf-gcc supports -c -o file.o
configure:9467: /usr/bin/arm-linux-gnueabihf-gcc -c -g -O2  -o out/conftest2.o conftest.c >&5
configure:9471: $? = 0
configure:9493: result: yes
configure:9501: checking if /usr/bin/arm-linux-gnueabihf-gcc supports -c -o file.o
configure:9548: result: yes
configure:9581: checking whether the /usr/bin/arm-linux-gnueabihf-gcc linker (/usr/arm-linux-gnueabihf/bin/ld) supports shared libraries
configure:10844: result: yes
configure:10881: checking whether -lc should be explicitly linked in
configure:10889: /usr/bin/arm-linux-gnueabihf-gcc -c -g -O2  conftest.c >&5
configure:10892: $? = 0
configure:10907: /usr/bin/arm-linux-gnueabihf-gcc -shared  -fPIC -DPIC conftest.o  -v -Wl,-soname -Wl,conftest -o conftest 2\>\&1 \| /usr/bin/grep  -lc  \>/dev/null 2\>\&1
configure:10910: $? = 0
configure:10924: result: no
configure:11084: checking dynamic linker characteristics
configure:11665: /usr/bin/arm-linux-gnueabihf-gcc -o conftest -g -O2   -Wl,-rpath -Wl,/foo conftest.c  >&5
configure:11665: $? = 0
configure:11914: result: GNU/Linux ld.so
configure:12036: checking how to hardcode library paths into programs
configure:12061: result: immediate
configure:12609: checking whether stripping libraries is possible
configure:12614: result: yes
configure:12649: checking if libtool supports shared libraries
configure:12651: result: yes
configure:12654: checking whether to build shared libraries
configure:12679: result: yes
configure:12682: checking whether to build static libraries
configure:12686: result: yes
configure:16045: checking for arm-linux-gnueabihf-windres
configure:16075: result: no
configure:16085: checking for windres
configure:16115: result: no
configure:16229: checking whether make supports nested variables
configure:16246: result: yes
configure:16263: checking if /usr/bin/arm-linux-gnueabihf-gcc supports -std=gnu11
configure:16276: /usr/bin/arm-linux-gnueabihf-gcc -c -std=gnu11  conftest.c >&5
configure:16276: $? = 0
configure:16277: result: yes
configure:16326: checking operating system
configure:16349: result: Linux
configure:16406: checking for nfds_t
configure:16406: /usr/bin/arm-linux-gnueabihf-gcc -c -g -O2  conftest.c >&5
configure:16406: $? = 0
configure:16406: /usr/bin/arm-linux-gnueabihf-gcc -c -g -O2  conftest.c >&5
conftest.c: In function 'main':
conftest.c:32:21: error: expected expression before ')' token
   32 | if (sizeof ((nfds_t)))
      |                     ^
configure:16406: $? = 1
configure: failed program was:
| /* confdefs.h */
| #define PACKAGE_NAME "libusb-1.0"
| #define PACKAGE_TARNAME "libusb-1.0"
| #define PACKAGE_VERSION "1.0.26"
| #define PACKAGE_STRING "libusb-1.0 1.0.26"
| #define PACKAGE_BUGREPORT "libusb-devel@lists.sourceforge.net"
| #define PACKAGE_URL "http://libusb.info"
| #define PACKAGE "libusb-1.0"
| #define VERSION "1.0.26"
| #define STDC_HEADERS 1
| #define HAVE_SYS_TYPES_H 1
| #define HAVE_SYS_STAT_H 1
| #define HAVE_STDLIB_H 1
| #define HAVE_STRING_H 1
| #define HAVE_MEMORY_H 1
| #define HAVE_STRINGS_H 1
| #define HAVE_INTTYPES_H 1
| #define HAVE_STDINT_H 1
| #define HAVE_UNISTD_H 1
| #define HAVE_DLFCN_H 1
| #define LT_OBJDIR ".libs/"
| #define _GNU_SOURCE 1
| #define DEFAULT_VISIBILITY __attribute__ ((visibility ("default")))
| #define PRINTF_FORMAT(a, b) __attribute__ ((__format__ (__printf__, a, b)))
| #define PLATFORM_POSIX 1
| /* end confdefs.h.  */
| #include <poll.h>
| 
| int
| main ()
| {
| if (sizeof ((nfds_t)))
| 	    return 0;
|   ;
|   return 0;
| }
configure:16406: result: yes
configure:16419: checking for pipe2
configure:16419: /usr/bin/arm-linux-gnueabihf-gcc -o conftest -g -O2   conftest.c  >&5
configure:16419: $? = 0
configure:16419: result: yes
configure:16430: checking if /usr/bin/arm-linux-gnueabihf-gcc recognizes -pthread
configure:16443: /usr/bin/arm-linux-gnueabihf-gcc -c -Wall -Werror -pthread  conftest.c >&5
configure:16443: $? = 0
configure:16444: result: yes
configure:16454: checking for library containing pthread_create
configure:16485: /usr/bin/arm-linux-gnueabihf-gcc -o conftest -g -O2   conftest.c  >&5
/usr/lib/gcc-cross/arm-linux-gnueabihf/10/../../../../arm-linux-gnueabihf/bin/ld: /tmp/ccFvJm2w.o: in function `main':
/home/vy/cmpt433/work/crosscompile/libusb-1.0.26/conftest.c:40: undefined reference to `pthread_create'
collect2: error: ld returned 1 exit status
configure:16485: $? = 1
configure: failed program was:
| /* confdefs.h */
| #define PACKAGE_NAME "libusb-1.0"
| #define PACKAGE_TARNAME "libusb-1.0"
| #define PACKAGE_VERSION "1.0.26"
| #define PACKAGE_STRING "libusb-1.0 1.0.26"
| #define PACKAGE_BUGREPORT "libusb-devel@lists.sourceforge.net"
| #define PACKAGE_URL "http://libusb.info"
| #define PACKAGE "libusb-1.0"
| #define VERSION "1.0.26"
| #define STDC_HEADERS 1
| #define HAVE_SYS_TYPES_H 1
| #define HAVE_SYS_STAT_H 1
| #define HAVE_STDLIB_H 1
| #define HAVE_STRING_H 1
| #define HAVE_MEMORY_H 1
| #define HAVE_STRINGS_H 1
| #define HAVE_INTTYPES_H 1
| #define HAVE_STDINT_H 1
| #define HAVE_UNISTD_H 1
| #define HAVE_DLFCN_H 1
| #define LT_OBJDIR ".libs/"
| #define _GNU_SOURCE 1
| #define DEFAULT_VISIBILITY __attribute__ ((visibility ("default")))
| #define PRINTF_FORMAT(a, b) __attribute__ ((__format__ (__printf__, a, b)))
| #define PLATFORM_POSIX 1
| #define HAVE_NFDS_T 1
| #define HAVE_PIPE2 1
| /* end confdefs.h.  */
| 
| /* Override any GCC internal prototype to avoid an error.
|    Use char because int might match the return type of a GCC
|    builtin and then its argument prototype would still apply.  */
| #ifdef __cplusplus
| extern "C"
| #endif
| char pthread_create ();
| int
| main ()
| {
| return pthread_create ();
|   ;
|   return 0;
| }
configure:16485: /usr/bin/arm-linux-gnueabihf-gcc -o conftest -g -O2   conftest.c -lpthread   >&5
configure:16485: $? = 0
configure:16502: result: -lpthread
configure:16511: checking for library containing __atomic_fetch_add_4
configure:16542: /usr/bin/arm-linux-gnueabihf-gcc -o conftest -g -O2   conftest.c -lpthread  >&5
conftest.c:36:6: warning: conflicting types for built-in function '__atomic_fetch_add_4'; expected 'unsigned int(volatile void *, unsigned int,  int)' [-Wbuiltin-declaration-mismatch]
   36 | char __atomic_fetch_add_4 ();
      |      ^~~~~~~~~~~~~~~~~~~~
/usr/lib/gcc-cross/arm-linux-gnueabihf/10/../../../../arm-linux-gnueabihf/bin/ld: /tmp/ccxt7EXj.o: in function `main':
/home/vy/cmpt433/work/crosscompile/libusb-1.0.26/conftest.c:40: undefined reference to `__atomic_fetch_add_4'
collect2: error: ld returned 1 exit status
configure:16542: $? = 1
configure: failed program was:
| /* confdefs.h */
| #define PACKAGE_NAME "libusb-1.0"
| #define PACKAGE_TARNAME "libusb-1.0"
| #define PACKAGE_VERSION "1.0.26"
| #define PACKAGE_STRING "libusb-1.0 1.0.26"
| #define PACKAGE_BUGREPORT "libusb-devel@lists.sourceforge.net"
| #define PACKAGE_URL "http://libusb.info"
| #define PACKAGE "libusb-1.0"
| #define VERSION "1.0.26"
| #define STDC_HEADERS 1
| #define HAVE_SYS_TYPES_H 1
| #define HAVE_SYS_STAT_H 1
| #define HAVE_STDLIB_H 1
| #define HAVE_STRING_H 1
| #define HAVE_MEMORY_H 1
| #define HAVE_STRINGS_H 1
| #define HAVE_INTTYPES_H 1
| #define HAVE_STDINT_H 1
| #define HAVE_UNISTD_H 1
| #define HAVE_DLFCN_H 1
| #define LT_OBJDIR ".libs/"
| #define _GNU_SOURCE 1
| #define DEFAULT_VISIBILITY __attribute__ ((visibility ("default")))
| #define PRINTF_FORMAT(a, b) __attribute__ ((__format__ (__printf__, a, b)))
| #define PLATFORM_POSIX 1
| #define HAVE_NFDS_T 1
| #define HAVE_PIPE2 1
| /* end confdefs.h.  */
| 
| /* Override any GCC internal prototype to avoid an error.
|    Use char because int might match the return type of a GCC
|    builtin and then its argument prototype would still apply.  */
| #ifdef __cplusplus
| extern "C"
| #endif
| char __atomic_fetch_add_4 ();
| int
| main ()
| {
| return __atomic_fetch_add_4 ();
|   ;
|   return 0;
| }
configure:16542: /usr/bin/arm-linux-gnueabihf-gcc -o conftest -g -O2   conftest.c -latomic  -lpthread  >&5
conftest.c:36:6: warning: conflicting types for built-in function '__atomic_fetch_add_4'; expected 'unsigned int(volatile void *, unsigned int,  int)' [-Wbuiltin-declaration-mismatch]
   36 | char __atomic_fetch_add_4 ();
      |      ^~~~~~~~~~~~~~~~~~~~
configure:16542: $? = 0
configure:16559: result: -latomic
configure:16606: checking for library containing clock_gettime
configure:16637: /usr/bin/arm-linux-gnueabihf-gcc -o conftest -g -O2   conftest.c -latomic -lpthread  >&5
configure:16637: $? = 0
configure:16654: result: none required
configure:16664: checking for pthread_setname_np
configure:16664: /usr/bin/arm-linux-gnueabihf-gcc -o conftest -g -O2   conftest.c -latomic -lpthread  >&5
configure:16664: $? = 0
configure:16664: result: yes
configure:16681: checking libudev.h usability
configure:16681: /usr/bin/arm-linux-gnueabihf-gcc -c -g -O2  conftest.c >&5
configure:16681: $? = 0
configure:16681: result: yes
configure:16681: checking libudev.h presence
configure:16681: /usr/bin/arm-linux-gnueabihf-gcc -E  conftest.c
configure:16681: $? = 0
configure:16681: result: yes
configure:16681: checking for libudev.h
configure:16681: result: yes
configure:16689: checking for udev_new in -ludev
configure:16714: /usr/bin/arm-linux-gnueabihf-gcc -o conftest -g -O2   conftest.c -ludev  -latomic -lpthread  >&5
configure:16714: $? = 0
configure:16723: result: yes
configure:16749: checking for arm-linux-gnueabihf-pkg-config
configure:16767: found /usr/bin/arm-linux-gnueabihf-pkg-config
configure:16779: result: /usr/bin/arm-linux-gnueabihf-pkg-config
configure:16847: checking pkg-config is at least version 0.9.0
configure:16853: result: no
configure:16860: checking for UMOCKDEV
configure:16919: result: no
configure:16931: checking for UMOCKDEV_HOTPLUG
configure:16990: result: no
configure:17062: checking sys/time.h usability
configure:17062: /usr/bin/arm-linux-gnueabihf-gcc -c -g -O2  conftest.c >&5
configure:17062: $? = 0
configure:17062: result: yes
configure:17062: checking sys/time.h presence
configure:17062: /usr/bin/arm-linux-gnueabihf-gcc -E  conftest.c
configure:17062: $? = 0
configure:17062: result: yes
configure:17062: checking for sys/time.h
configure:17062: result: yes
configure:17124: checking for clock_gettime
configure:17124: /usr/bin/arm-linux-gnueabihf-gcc -o conftest -g -O2   conftest.c -ludev -latomic -lpthread  >&5
configure:17124: $? = 0
configure:17124: result: yes
configure:17138: checking whether CLOCK_MONOTONIC is declared
configure:17138: /usr/bin/arm-linux-gnueabihf-gcc -c -g -O2  conftest.c >&5
configure:17138: $? = 0
configure:17138: result: yes
configure:17148: checking for pthread_condattr_setclock
configure:17148: /usr/bin/arm-linux-gnueabihf-gcc -o conftest -g -O2   conftest.c -ludev -latomic -lpthread  >&5
configure:17148: $? = 0
configure:17148: result: yes
configure:17181: checking sys/eventfd.h usability
configure:17181: /usr/bin/arm-linux-gnueabihf-gcc -c -g -O2  conftest.c >&5
configure:17181: $? = 0
configure:17181: result: yes
configure:17181: checking sys/eventfd.h presence
configure:17181: /usr/bin/arm-linux-gnueabihf-gcc -E  conftest.c
configure:17181: $? = 0
configure:17181: result: yes
configure:17181: checking for sys/eventfd.h
configure:17181: result: yes
configure:17190: checking whether EFD_NONBLOCK is declared
configure:17190: /usr/bin/arm-linux-gnueabihf-gcc -c -g -O2  conftest.c >&5
configure:17190: $? = 0
configure:17190: result: yes
configure:17206: checking whether EFD_CLOEXEC is declared
configure:17206: /usr/bin/arm-linux-gnueabihf-gcc -c -g -O2  conftest.c >&5
configure:17206: $? = 0
configure:17206: result: yes
configure:17224: checking for eventfd
configure:17224: /usr/bin/arm-linux-gnueabihf-gcc -o conftest -g -O2   conftest.c -ludev -latomic -lpthread  >&5
configure:17224: $? = 0
configure:17224: result: yes
configure:17245: checking whether to use eventfd for signalling
configure:17260: result: yes
configure:17274: checking sys/timerfd.h usability
configure:17274: /usr/bin/arm-linux-gnueabihf-gcc -c -g -O2  conftest.c >&5
configure:17274: $? = 0
configure:17274: result: yes
configure:17274: checking sys/timerfd.h presence
configure:17274: /usr/bin/arm-linux-gnueabihf-gcc -E  conftest.c
configure:17274: $? = 0
configure:17274: result: yes
configure:17274: checking for sys/timerfd.h
configure:17274: result: yes
configure:17283: checking whether TFD_NONBLOCK is declared
configure:17283: /usr/bin/arm-linux-gnueabihf-gcc -c -g -O2  conftest.c >&5
configure:17283: $? = 0
configure:17283: result: yes
configure:17299: checking whether TFD_CLOEXEC is declared
configure:17299: /usr/bin/arm-linux-gnueabihf-gcc -c -g -O2  conftest.c >&5
configure:17299: $? = 0
configure:17299: result: yes
configure:17317: checking for timerfd_create
configure:17317: /usr/bin/arm-linux-gnueabihf-gcc -o conftest -g -O2   conftest.c -ludev -latomic -lpthread  >&5
configure:17317: $? = 0
configure:17317: result: yes
configure:17338: checking whether to use timerfd for timing
configure:17353: result: yes
configure:17711: checking that generated files are newer than configure
configure:17717: result: done
configure:17804: creating ./config.status

## ---------------------- ##
## Running config.status. ##
## ---------------------- ##

This file was extended by libusb-1.0 config.status 1.0.26, which was
generated by GNU Autoconf 2.69.  Invocation command line was

  CONFIG_FILES    = 
  CONFIG_HEADERS  = 
  CONFIG_LINKS    = 
  CONFIG_COMMANDS = 
  $ ./config.status 

on 433-debian

config.status:1271: creating libusb-1.0.pc
config.status:1271: creating Makefile
config.status:1271: creating libusb/Makefile
config.status:1271: creating examples/Makefile
config.status:1271: creating tests/Makefile
config.status:1271: creating doc/Makefile
config.status:1271: creating doc/doxygen.cfg
config.status:1271: creating config.h
config.status:1452: config.h is unchanged
config.status:1500: executing depfiles commands
config.status:1577: cd libusb       && sed -e '/# am--include-marker/d' Makefile         | make -f - am--depfiles
make: Nothing to be done for 'am--depfiles'.
config.status:1582: $? = 0
config.status:1577: cd examples       && sed -e '/# am--include-marker/d' Makefile         | make -f - am--depfiles
make: Nothing to be done for 'am--depfiles'.
config.status:1582: $? = 0
config.status:1577: cd tests       && sed -e '/# am--include-marker/d' Makefile         | make -f - am--depfiles
make: Nothing to be done for 'am--depfiles'.
config.status:1582: $? = 0
config.status:1500: executing libtool commands

## ---------------- ##
## Cache variables. ##
## ---------------- ##

ac_cv_build=x86_64-pc-linux-gnu
ac_cv_c_compiler_gnu=yes
ac_cv_c_inline=inline
ac_cv_cxx_compiler_gnu=no
ac_cv_env_CCC_set=
ac_cv_env_CCC_value=
ac_cv_env_CC_set=set
ac_cv_env_CC_value=/usr/bin/arm-linux-gnueabihf-gcc
ac_cv_env_CFLAGS_set=
ac_cv_env_CFLAGS_value=
ac_cv_env_CPPFLAGS_set=
ac_cv_env_CPPFLAGS_value=
ac_cv_env_CPP_set=
ac_cv_env_CPP_value=
ac_cv_env_CXXCPP_set=
ac_cv_env_CXXCPP_value=
ac_cv_env_CXXFLAGS_set=
ac_cv_env_CXXFLAGS_value=
ac_cv_env_CXX_set=
ac_cv_env_CXX_value=
ac_cv_env_LDFLAGS_set=
ac_cv_env_LDFLAGS_value=
ac_cv_env_LIBS_set=
ac_cv_env_LIBS_value=
ac_cv_env_LT_SYS_LIBRARY_PATH_set=
ac_cv_env_LT_SYS_LIBRARY_PATH_value=
ac_cv_env_PKG_CONFIG_LIBDIR_set=
ac_cv_env_PKG_CONFIG_LIBDIR_value=
ac_cv_env_PKG_CONFIG_PATH_set=
ac_cv_env_PKG_CONFIG_PATH_value=
ac_cv_env_PKG_CONFIG_set=
ac_cv_env_PKG_CONFIG_value=
ac_cv_env_UMOCKDEV_CFLAGS_set=
ac_cv_env_UMOCKDEV_CFLAGS_value=
ac_cv_env_UMOCKDEV_HOTPLUG_CFLAGS_set=
ac_cv_env_UMOCKDEV_HOTPLUG_CFLAGS_value=
ac_cv_env_UMOCKDEV_HOTPLUG_LIBS_set=
ac_cv_env_UMOCKDEV_HOTPLUG_LIBS_value=
ac_cv_env_UMOCKDEV_LIBS_set=
ac_cv_env_UMOCKDEV_LIBS_value=
ac_cv_env_build_alias_set=
ac_cv_env_build_alias_value=
ac_cv_env_host_alias_set=set
ac_cv_env_host_alias_value=arm-linux-gnueabihf
ac_cv_env_target_alias_set=
ac_cv_env_target_alias_value=
ac_cv_func_clock_gettime=yes
ac_cv_func_eventfd=yes
ac_cv_func_pipe2=yes
ac_cv_func_pthread_condattr_setclock=yes
ac_cv_func_pthread_setname_np=yes
ac_cv_func_timerfd_create=yes
ac_cv_have_decl_CLOCK_MONOTONIC=yes
ac_cv_have_decl_EFD_CLOEXEC=yes
ac_cv_have_decl_EFD_NONBLOCK=yes
ac_cv_have_decl_TFD_CLOEXEC=yes
ac_cv_have_decl_TFD_NONBLOCK=yes
ac_cv_header_dlfcn_h=yes
ac_cv_header_inttypes_h=yes
ac_cv_header_libudev_h=yes
ac_cv_header_memory_h=yes
ac_cv_header_stdc=yes
ac_cv_header_stdint_h=yes
ac_cv_header_stdlib_h=yes
ac_cv_header_string_h=yes
ac_cv_header_strings_h=yes
ac_cv_header_sys_eventfd_h=yes
ac_cv_header_sys_stat_h=yes
ac_cv_header_sys_time_h=yes
ac_cv_header_sys_timerfd_h=yes
ac_cv_header_sys_types_h=yes
ac_cv_header_unistd_h=yes
ac_cv_host=arm-unknown-linux-gnueabihf
ac_cv_lib_udev_udev_new=yes
ac_cv_objext=o
ac_cv_path_EGREP='/usr/bin/grep -E'
ac_cv_path_FGREP='/usr/bin/grep -F'
ac_cv_path_GREP=/usr/bin/grep
ac_cv_path_PKG_CONFIG=/usr/bin/arm-linux-gnueabihf-pkg-config
ac_cv_path_SED=/usr/bin/sed
ac_cv_path_install='/usr/bin/install -c'
ac_cv_path_lt_DD=/usr/bin/dd
ac_cv_path_mkdir=/usr/bin/mkdir
ac_cv_prog_AR=arm-linux-gnueabihf-ar
ac_cv_prog_AWK=mawk
ac_cv_prog_CC=/usr/bin/arm-linux-gnueabihf-gcc
ac_cv_prog_CPP='/usr/bin/arm-linux-gnueabihf-gcc -E'
ac_cv_prog_OBJDUMP=arm-linux-gnueabihf-objdump
ac_cv_prog_RANLIB=arm-linux-gnueabihf-ranlib
ac_cv_prog_STRIP=arm-linux-gnueabihf-strip
ac_cv_prog_ac_ct_MANIFEST_TOOL=mt
ac_cv_prog_cc_c89=
ac_cv_prog_cc_g=yes
ac_cv_prog_cxx_g=no
ac_cv_prog_make_make_set=yes
ac_cv_search___atomic_fetch_add_4=-latomic
ac_cv_search_clock_gettime='none required'
ac_cv_search_pthread_create=-lpthread
ac_cv_type_nfds_t=yes
am_cv_CC_dependencies_compiler_type=gcc3
am_cv_CXX_dependencies_compiler_type=none
am_cv_make_support_nested_variables=yes
am_cv_prog_cc_c_o=yes
lt_cv_ar_at_file=@
lt_cv_archive_cmds_need_lc=no
lt_cv_deplibs_check_method=pass_all
lt_cv_file_magic_cmd='$MAGIC_CMD'
lt_cv_file_magic_test_file=
lt_cv_ld_reload_flag=-r
lt_cv_nm_interface='BSD nm'
lt_cv_objdir=.libs
lt_cv_path_LD=/usr/arm-linux-gnueabihf/bin/ld
lt_cv_path_NM='/usr/bin/arm-linux-gnueabihf-nm -B'
lt_cv_path_mainfest_tool=no
lt_cv_prog_compiler_c_o=yes
lt_cv_prog_compiler_c_o_RC=yes
lt_cv_prog_compiler_pic='-fPIC -DPIC'
lt_cv_prog_compiler_pic_works=yes
lt_cv_prog_compiler_rtti_exceptions=no
lt_cv_prog_compiler_static_works=yes
lt_cv_prog_gnu_ld=yes
lt_cv_sharedlib_from_linklib_cmd='printf %s\n'
lt_cv_shlibpath_overrides_runpath=yes
lt_cv_sys_global_symbol_pipe='sed -n -e '\''s/^.*[	 ]\([ABCDGIRSTW][ABCDGIRSTW]*\)[	 ][	 ]*\([_A-Za-z][_A-Za-z0-9]*\)$/\1 \2 \2/p'\'' | sed '\''/ __gnu_lto/d'\'''
lt_cv_sys_global_symbol_to_c_name_address='sed -n -e '\''s/^: \(.*\) .*$/  {"\1", (void *) 0},/p'\'' -e '\''s/^[ABCDGIRSTW][ABCDGIRSTW]* .* \(.*\)$/  {"\1", (void *) \&\1},/p'\'''
lt_cv_sys_global_symbol_to_c_name_address_lib_prefix='sed -n -e '\''s/^: \(.*\) .*$/  {"\1", (void *) 0},/p'\'' -e '\''s/^[ABCDGIRSTW][ABCDGIRSTW]* .* \(lib.*\)$/  {"\1", (void *) \&\1},/p'\'' -e '\''s/^[ABCDGIRSTW][ABCDGIRSTW]* .* \(.*\)$/  {"lib\1", (void *) \&\1},/p'\'''
lt_cv_sys_global_symbol_to_cdecl='sed -n -e '\''s/^T .* \(.*\)$/extern int \1();/p'\'' -e '\''s/^[ABCDGIRSTW][ABCDGIRSTW]* .* \(.*\)$/extern char \1;/p'\'''
lt_cv_sys_global_symbol_to_import=
lt_cv_sys_max_cmd_len=1572864
lt_cv_to_host_file_cmd=func_convert_file_noop
lt_cv_to_tool_file_cmd=func_convert_file_noop
lt_cv_truncate_bin='/usr/bin/dd bs=4096 count=1'

## ----------------- ##
## Output variables. ##
## ----------------- ##

ACLOCAL='${SHELL} /home/vy/cmpt433/work/crosscompile/libusb-1.0.26/missing aclocal-1.16'
AMDEPBACKSLASH='\'
AMDEP_FALSE='#'
AMDEP_TRUE=''
AMTAR='$${TAR-tar}'
AM_BACKSLASH='\'
AM_CFLAGS='-std=gnu11  -Wall -Wextra -Wshadow -Wunused -Wwrite-strings -Werror=format-security -Werror=implicit-function-declaration -Werror=implicit-int -Werror=init-self -Werror=missing-prototypes -Werror=strict-prototypes -Werror=undef -Werror=uninitialized'
AM_CPPFLAGS=''
AM_CXXFLAGS='-std=gnu++11  -Wall -Wextra -Wshadow -Wunused -Wwrite-strings -Werror=format-security -Werror=implicit-function-declaration -Werror=implicit-int -Werror=init-self -Werror=missing-prototypes -Werror=strict-prototypes -Werror=undef -Werror=uninitialized -Wmissing-declarations'
AM_DEFAULT_V='$(AM_DEFAULT_VERBOSITY)'
AM_DEFAULT_VERBOSITY='0'
AM_V='$(V)'
AR='arm-linux-gnueabihf-ar'
AUTOCONF='${SHELL} /home/vy/cmpt433/work/crosscompile/libusb-1.0.26/missing autoconf'
AUTOHEADER='${SHELL} /home/vy/cmpt433/work/crosscompile/libusb-1.0.26/missing autoheader'
AUTOMAKE='${SHELL} /home/vy/cmpt433/work/crosscompile/libusb-1.0.26/missing automake-1.16'
AWK='mawk'
BUILD_EXAMPLES_FALSE=''
BUILD_EXAMPLES_TRUE='#'
BUILD_TESTS_FALSE=''
BUILD_TESTS_TRUE='#'
BUILD_UMOCKDEV_TEST_FALSE=''
BUILD_UMOCKDEV_TEST_TRUE='#'
CC='/usr/bin/arm-linux-gnueabihf-gcc'
CCDEPMODE='depmode=gcc3'
CFLAGS='-g -O2'
CPP='/usr/bin/arm-linux-gnueabihf-gcc -E'
CPPFLAGS=''
CREATE_IMPORT_LIB_FALSE=''
CREATE_IMPORT_LIB_TRUE='#'
CXX='g++'
CXXCPP=''
CXXDEPMODE='depmode=none'
CXXFLAGS=''
CYGPATH_W='echo'
DEFS='-DHAVE_CONFIG_H'
DEPDIR='.deps'
DLLTOOL='false'
DOXYGEN_HTMLDIR='api-1.0'
DSYMUTIL=''
DUMPBIN=''
ECHO_C=''
ECHO_N='-n'
ECHO_T=''
EGREP='/usr/bin/grep -E'
EXEEXT=''
EXTRA_LDFLAGS=''
FGREP='/usr/bin/grep -F'
GREP='/usr/bin/grep'
INSTALL_DATA='${INSTALL} -m 644'
INSTALL_PROGRAM='${INSTALL}'
INSTALL_SCRIPT='${INSTALL}'
INSTALL_STRIP_PROGRAM='$(install_sh) -c -s'
LD='/usr/arm-linux-gnueabihf/bin/ld'
LDFLAGS=''
LIBOBJS=''
LIBS='-ludev -latomic -lpthread '
LIBTOOL='$(SHELL) $(top_builddir)/libtool'
LIPO=''
LN_S='ln -s'
LTLIBOBJS=''
LT_LDFLAGS='-version-info 3:0:3 -no-undefined'
LT_SYS_LIBRARY_PATH=''
MAKEINFO='${SHELL} /home/vy/cmpt433/work/crosscompile/libusb-1.0.26/missing makeinfo'
MANIFEST_TOOL=':'
MKDIR_P='/usr/bin/mkdir -p'
NM='/usr/bin/arm-linux-gnueabihf-nm -B'
NMEDIT=''
OBJDUMP='arm-linux-gnueabihf-objdump'
OBJEXT='o'
OS_DARWIN_FALSE=''
OS_DARWIN_TRUE='#'
OS_HAIKU_FALSE=''
OS_HAIKU_TRUE='#'
OS_LINUX_FALSE='#'
OS_LINUX_TRUE=''
OS_NETBSD_FALSE=''
OS_NETBSD_TRUE='#'
OS_NULL_FALSE=''
OS_NULL_TRUE='#'
OS_OPENBSD_FALSE=''
OS_OPENBSD_TRUE='#'
OS_SUNOS_FALSE=''
OS_SUNOS_TRUE='#'
OS_WINDOWS_FALSE=''
OS_WINDOWS_TRUE='#'
OTOOL64=''
OTOOL=''
PACKAGE='libusb-1.0'
PACKAGE_BUGREPORT='libusb-devel@lists.sourceforge.net'
PACKAGE_NAME='libusb-1.0'
PACKAGE_STRING='libusb-1.0 1.0.26'
PACKAGE_TARNAME='libusb-1.0'
PACKAGE_URL='http://libusb.info'
PACKAGE_VERSION='1.0.26'
PATH_SEPARATOR=':'
PKG_CONFIG=''
PKG_CONFIG_LIBDIR=''
PKG_CONFIG_PATH=''
PLATFORM_POSIX_FALSE='#'
PLATFORM_POSIX_TRUE=''
PLATFORM_WINDOWS_FALSE=''
PLATFORM_WINDOWS_TRUE='#'
RANLIB='arm-linux-gnueabihf-ranlib'
RC=''
SED='/usr/bin/sed'
SET_MAKE=''
SHELL='/bin/bash'
STRIP='arm-linux-gnueabihf-strip'
THREAD_CFLAGS='-pthread'
THREAD_LIBS='-lpthread'
UMOCKDEV_CFLAGS=''
UMOCKDEV_HOTPLUG_CFLAGS=''
UMOCKDEV_HOTPLUG_LIBS=''
UMOCKDEV_LIBS=''
USE_UDEV_FALSE='#'
USE_UDEV_TRUE=''
VERSION='1.0.26'
ac_ct_AR=''
ac_ct_CC=''
ac_ct_CXX=''
ac_ct_DUMPBIN=''
am__EXEEXT_FALSE=''
am__EXEEXT_TRUE='#'
am__fastdepCC_FALSE='#'
am__fastdepCC_TRUE=''
am__fastdepCXX_FALSE=''
am__fastdepCXX_TRUE='#'
am__include='include'
am__isrc=''
am__leading_dot='.'
am__nodep='_no'
am__quote=''
am__tar='$${TAR-tar} chof - "$$tardir"'
am__untar='$${TAR-tar} xf -'
bindir='${exec_prefix}/bin'
build='x86_64-pc-linux-gnu'
build_alias=''
build_cpu='x86_64'
build_os='linux-gnu'
build_vendor='pc'
datadir='${datarootdir}'
datarootdir='${prefix}/share'
docdir='${datarootdir}/doc/${PACKAGE_TARNAME}'
dvidir='${docdir}'
exec_prefix='${prefix}'
host='arm-unknown-linux-gnueabihf'
host_alias='arm-linux-gnueabihf'
host_cpu='arm'
host_os='linux-gnueabihf'
host_vendor='unknown'
htmldir='${docdir}'
includedir='${prefix}/include'
infodir='${datarootdir}/info'
install_sh='${SHELL} /home/vy/cmpt433/work/crosscompile/libusb-1.0.26/install-sh'
libdir='${exec_prefix}/lib'
libexecdir='${exec_prefix}/libexec'
localedir='${datarootdir}/locale'
localstatedir='${prefix}/var'
mandir='${datarootdir}/man'
mkdir_p='$(MKDIR_P)'
oldincludedir='/usr/include'
pdfdir='${docdir}'
prefix='/usr/lib/arm-linux-gnueabihf/libusb'
program_transform_name='s,x,x,'
psdir='${docdir}'
runstatedir='${localstatedir}/run'
sbindir='${exec_prefix}/sbin'
sharedstatedir='${prefix}/com'
sysconfdir='${prefix}/etc'
target_alias=''

## ----------- ##
## confdefs.h. ##
## ----------- ##

/* confdefs.h */
#define PACKAGE_NAME "libusb-1.0"
#define PACKAGE_TARNAME "libusb-1.0"
#define PACKAGE_VERSION "1.0.26"
#define PACKAGE_STRING "libusb-1.0 1.0.26"
#define PACKAGE_BUGREPORT "libusb-devel@lists.sourceforge.net"
#define PACKAGE_URL "http://libusb.info"
#define PACKAGE "libusb-1.0"
#define VERSION "1.0.26"
#define STDC_HEADERS 1
#define HAVE_SYS_TYPES_H 1
#define HAVE_SYS_STAT_H 1
#define HAVE_STDLIB_H 1
#define HAVE_STRING_H 1
#define HAVE_MEMORY_H 1
#define HAVE_STRINGS_H 1
#define HAVE_INTTYPES_H 1
#define HAVE_STDINT_H 1
#define HAVE_UNISTD_H 1
#define HAVE_DLFCN_H 1
#define LT_OBJDIR ".libs/"
#define _GNU_SOURCE 1
#define DEFAULT_VISIBILITY __attribute__ ((visibility ("default")))
#define PRINTF_FORMAT(a, b) __attribute__ ((__format__ (__printf__, a, b)))
#define PLATFORM_POSIX 1
#define HAVE_NFDS_T 1
#define HAVE_PIPE2 1
#define HAVE_PTHREAD_SETNAME_NP 1
#define HAVE_LIBUDEV 1
#define HAVE_SYS_TIME_H 1
#define HAVE_CLOCK_GETTIME 1
#define HAVE_PTHREAD_CONDATTR_SETCLOCK 1
#define HAVE_DECL_EFD_NONBLOCK 1
#define HAVE_DECL_EFD_CLOEXEC 1
#define HAVE_EVENTFD 1
#define HAVE_DECL_TFD_NONBLOCK 1
#define HAVE_DECL_TFD_CLOEXEC 1
#define HAVE_TIMERFD 1
#define ENABLE_LOGGING 1

configure: exit 0
